<?xml version="1.0" encoding="UTF-8"?>
<testsuite xmlns:xsi="http://www.w3.org/2001/XMLSchema-instance" xsi:noNamespaceSchemaLocation="https://maven.apache.org/surefire/maven-surefire-plugin/xsd/surefire-test-report-3.0.xsd" version="3.0" name="TestSuite" time="17.785" tests="2" errors="0" skipped="0" failures="0">
  <properties>
[...]
</properties>
  <testcase name="verify_account_registration" classname="TestCases.TC_001_AccountRegistrationTest" time="5.56">
    <system-out><![CDATA[Your Account Has Been Created! Successfully...Thanks for being patient
]]></system-out>
    <system-err><![CDATA[2025-07-10T03:49:30.044902100Z main DEBUG Apache Log4j Core 2.25 initializing configuration XmlConfiguration[location=C:\Users\USER\My-Eclipse\My-Eclipse\OpencartV125\target\test-classes\log4j2.xml, lastModified=2025-07-03T05:02:09.590Z]
2025-07-10T03:49:30.045901300Z main DEBUG PluginManager 'Core' found 134 plugins
2025-07-10T03:49:30.045901300Z main DEBUG PluginManager 'Level' found 0 plugins
2025-07-10T03:49:30.049901400Z main DEBUG Building Plugin[name=Property, class=org.apache.logging.log4j.core.config.Property].
2025-07-10T03:49:30.058908400Z main DEBUG PluginManager 'TypeConverter' found 26 plugins
2025-07-10T03:49:30.064346300Z main DEBUG createProperty(name="log-path", value="./Logs", Configuration(C:\Users\USER\My-Eclipse\My-Eclipse\OpencartV125\target\test-classes\log4j2.xml))
2025-07-10T03:49:30.065351Z main DEBUG Building Plugin[name=Property, class=org.apache.logging.log4j.core.config.Property].
2025-07-10T03:49:30.065351Z main DEBUG createProperty(name="log-pattern", value="%d{yyyy-MM-dd HH:mm:ss} %-5p %c{1}:%L - %m%n", Configuration(C:\Users\USER\My-Eclipse\My-Eclipse\OpencartV125\target\test-classes\log4j2.xml))
2025-07-10T03:49:30.065351Z main DEBUG Building Plugin[name=Properties, class=org.apache.logging.log4j.core.config.PropertiesPlugin].
2025-07-10T03:49:30.067355800Z main DEBUG configureSubstitutor(={log-path=./Logs, log-pattern=%d{yyyy-MM-dd HH:mm:ss} %-5p %c{1}:%L - %m%n}, Configuration(C:\Users\USER\My-Eclipse\My-Eclipse\OpencartV125\target\test-classes\log4j2.xml))
2025-07-10T03:49:30.068390600Z main DEBUG PluginManager 'Lookup' found 16 plugins
2025-07-10T03:49:30.069355100Z main DEBUG Building Plugin[name=layout, class=org.apache.logging.log4j.core.layout.PatternLayout].
2025-07-10T03:49:30.076356100Z main DEBUG PatternLayout$Builder(pattern="%d{yyyy-MM-dd HH:mm:ss} %-5p %c{1}:%L - %m%n", PatternSelector=null, Configuration(C:\Users\USER\My-Eclipse\My-Eclipse\OpencartV125\target\test-classes\log4j2.xml), Replace=null, charset="null", alwaysWriteExceptions="null", disableAnsi="null", noConsoleNoAnsi="null", header="null", footer="null")
2025-07-10T03:49:30.077360Z main DEBUG PluginManager 'Converter' found 45 plugins
2025-07-10T03:49:30.099648600Z main DEBUG Building Plugin[name=appender, class=org.apache.logging.log4j.core.appender.ConsoleAppender].
2025-07-10T03:49:30.105670300Z main DEBUG ConsoleAppender$Builder(target="SYSTEM_OUT", follow="null", direct="null", bufferedIo="null", bufferSize="null", immediateFlush="null", ignoreExceptions="null", PatternLayout(%d{yyyy-MM-dd HH:mm:ss} %-5p %c{1}:%L - %m%n), name="Console", Configuration(C:\Users\USER\My-Eclipse\My-Eclipse\OpencartV125\target\test-classes\log4j2.xml), Filter=null, ={})
2025-07-10T03:49:30.106640300Z main DEBUG Starting OutputStreamManager SYSTEM_OUT.false.false
2025-07-10T03:49:30.106640300Z main DEBUG Building Plugin[name=layout, class=org.apache.logging.log4j.core.layout.PatternLayout].
2025-07-10T03:49:30.107735Z main DEBUG PatternLayout$Builder(pattern="%d{yyyy-MM-dd HH:mm:ss} %-5p %c{1}:%L - %m%n", PatternSelector=null, Configuration(C:\Users\USER\My-Eclipse\My-Eclipse\OpencartV125\target\test-classes\log4j2.xml), Replace=null, charset="null", alwaysWriteExceptions="null", disableAnsi="null", noConsoleNoAnsi="null", header="null", footer="null")
2025-07-10T03:49:30.108641400Z main DEBUG Building Plugin[name=TimeBasedTriggeringPolicy, class=org.apache.logging.log4j.core.appender.rolling.TimeBasedTriggeringPolicy].
2025-07-10T03:49:30.109729600Z main DEBUG TimeBasedTriggeringPolicy$Builder(interval="null", modulate="null", maxRandomDelay="null")
2025-07-10T03:49:30.109729600Z main DEBUG Building Plugin[name=SizeBasedTriggeringPolicy, class=org.apache.logging.log4j.core.appender.rolling.SizeBasedTriggeringPolicy].
2025-07-10T03:49:30.110636800Z main DEBUG createPolicy(size="1MB")
2025-07-10T03:49:30.111631900Z main DEBUG Building Plugin[name=Policies, class=org.apache.logging.log4j.core.appender.rolling.CompositeTriggeringPolicy].
2025-07-10T03:49:30.111631900Z main DEBUG createPolicy(={TimeBasedTriggeringPolicy(nextRolloverMillis=0, interval=1, modulate=false), SizeBasedTriggeringPolicy(size=1048576)})
2025-07-10T03:49:30.112632400Z main DEBUG Building Plugin[name=DefaultRolloverStrategy, class=org.apache.logging.log4j.core.appender.rolling.DefaultRolloverStrategy].
2025-07-10T03:49:30.114632800Z main DEBUG DefaultRolloverStrategy$Builder(max="10", min="null", fileIndex="null", compressionLevel="null", ={}, stopCustomActionsOnError="null", tempCompressedFilePattern="null", Configuration(C:\Users\USER\My-Eclipse\My-Eclipse\OpencartV125\target\test-classes\log4j2.xml))
2025-07-10T03:49:30.114632800Z main DEBUG Building Plugin[name=appender, class=org.apache.logging.log4j.core.appender.RollingFileAppender].
2025-07-10T03:49:30.117630900Z main DEBUG RollingFileAppender$Builder(fileName="./Logs/automation.log", filePattern="./Logs/automation-%d{MM-dd-yyyy}-%i.log.gz", append="null", locking="null", Policies(CompositeTriggeringPolicy(policies=[TimeBasedTriggeringPolicy(nextRolloverMillis=0, interval=1, modulate=false), SizeBasedTriggeringPolicy(size=1048576)])), DefaultRolloverStrategy(DefaultRolloverStrategy(min=1, max=10, useMax=true)), advertise="null", advertiseUri="null", createOnDemand="null", filePermissions="null", fileOwner="null", fileGroup="null", bufferedIo="null", bufferSize="null", immediateFlush="null", ignoreExceptions="null", PatternLayout(%d{yyyy-MM-dd HH:mm:ss} %-5p %c{1}:%L - %m%n), name="File", Configuration(C:\Users\USER\My-Eclipse\My-Eclipse\OpencartV125\target\test-classes\log4j2.xml), Filter=null, ={})
2025-07-10T03:49:30.121735300Z main DEBUG Returning file creation time for C:\Users\USER\My-Eclipse\My-Eclipse\OpencartV125\.\Logs\automation.log
2025-07-10T03:49:30.121735300Z main DEBUG Starting RollingFileManager ./Logs/automation.log
2025-07-10T03:49:30.122717500Z main DEBUG PluginManager 'FileConverter' found 2 plugins
2025-07-10T03:49:30.125705500Z main DEBUG Setting prev file time to 2025-07-10T03:19:29.377+0100
2025-07-10T03:49:30.125705500Z main DEBUG Initializing triggering policy CompositeTriggeringPolicy(policies=[TimeBasedTriggeringPolicy(nextRolloverMillis=0, interval=1, modulate=false), SizeBasedTriggeringPolicy(size=1048576)])
2025-07-10T03:49:30.125705500Z main DEBUG Initializing triggering policy TimeBasedTriggeringPolicy(nextRolloverMillis=0, interval=1, modulate=false)
2025-07-10T03:49:30.126632300Z main DEBUG Initializing triggering policy SizeBasedTriggeringPolicy(size=1048576)
2025-07-10T03:49:30.126632300Z main DEBUG Building Plugin[name=Appenders, class=org.apache.logging.log4j.core.config.AppendersPlugin].
2025-07-10T03:49:30.126632300Z main DEBUG createAppenders(={Console, File})
2025-07-10T03:49:30.126632300Z main DEBUG Building Plugin[name=AppenderRef, class=org.apache.logging.log4j.core.config.AppenderRef].
2025-07-10T03:49:30.127631200Z main DEBUG createAppenderRef(ref="File", level="null", Filter=null)
2025-07-10T03:49:30.127631200Z main DEBUG Building Plugin[name=Root, class=org.apache.logging.log4j.core.config.LoggerConfig$RootLogger].
2025-07-10T03:49:30.128632100Z main DEBUG LoggerConfig$RootLogger$Builder(additivity="null", level="DEBUG", levelAndRefs="null", includeLocation="null", ={File}, ={}, Configuration(C:\Users\USER\My-Eclipse\My-Eclipse\OpencartV125\target\test-classes\log4j2.xml), Filter=null)
2025-07-10T03:49:30.130631200Z main DEBUG Building Plugin[name=Loggers, class=org.apache.logging.log4j.core.config.LoggersPlugin].
2025-07-10T03:49:30.130631200Z main DEBUG createLoggers(={root})
2025-07-10T03:49:30.130631200Z main DEBUG Configuration XmlConfiguration[location=C:\Users\USER\My-Eclipse\My-Eclipse\OpencartV125\target\test-classes\log4j2.xml, lastModified=2025-07-03T05:02:09.590Z] initialized
2025-07-10T03:49:30.130631200Z main INFO Starting configuration XmlConfiguration[location=C:\Users\USER\My-Eclipse\My-Eclipse\OpencartV125\target\test-classes\log4j2.xml, lastModified=2025-07-03T05:02:09.590Z]...
2025-07-10T03:49:30.131632100Z main INFO Configuration XmlConfiguration[location=C:\Users\USER\My-Eclipse\My-Eclipse\OpencartV125\target\test-classes\log4j2.xml, lastModified=2025-07-03T05:02:09.590Z] started.
2025-07-10T03:49:30.132735100Z main INFO Stopping configuration org.apache.logging.log4j.core.config.DefaultConfiguration@4c9f8c13...
2025-07-10T03:49:30.132735100Z main DEBUG Shutting down OutputStreamManager SYSTEM_OUT.false.false-1
2025-07-10T03:49:30.132735100Z main DEBUG OutputStream closed
2025-07-10T03:49:30.132735100Z main DEBUG Shut down OutputStreamManager SYSTEM_OUT.false.false-1, all resources released: true
2025-07-10T03:49:30.132735100Z main DEBUG Appender DefaultConsole-1 stopped with status true
2025-07-10T03:49:30.132735100Z main INFO Configuration org.apache.logging.log4j.core.config.DefaultConfiguration@4c9f8c13 stopped.
2025-07-10T03:49:30.134725200Z main DEBUG org.apache.logging.log4j.core.util.SystemClock supports precise timestamps.
2025-07-10T03:49:30.134725200Z main DEBUG Reconfiguration complete for context[name=70dea4e] at URI C:\Users\USER\My-Eclipse\My-Eclipse\OpencartV125\target\test-classes\log4j2.xml (org.apache.logging.log4j.core.LoggerContext@2e6a8155) with optional ClassLoader: null
2025-07-10T03:49:30.134725200Z main DEBUG Shutdown hook enabled. Registering a new one.
2025-07-10T03:49:30.135633Z main DEBUG LoggerContext[name=70dea4e, org.apache.logging.log4j.core.LoggerContext@2e6a8155] started OK.
Jul 10, 2025 4:49:31 AM org.openqa.selenium.devtools.CdpVersionFinder findNearestMatch
WARNING: Unable to find an exact match for CDP version 138, returning the closest version; found: 137; Please update to a Selenium version that supports CDP version 138
]]></system-err>
  </testcase>
  <testcase name="verify_login" classname="TestCases.TC_002_LoginTest" time="1.771">
    <system-err><![CDATA[Jul 10, 2025 4:49:41 AM org.openqa.selenium.remote.http.WebSocket$Listener onError
WARNING: Connection reset
java.net.SocketException: Connection reset
	at java.base/sun.nio.ch.SocketChannelImpl.throwConnectionReset(SocketChannelImpl.java:401)
	at java.base/sun.nio.ch.SocketChannelImpl.read(SocketChannelImpl.java:434)
	at java.net.http/jdk.internal.net.http.SocketTube.readAvailable(SocketTube.java:1178)
	at java.net.http/jdk.internal.net.http.SocketTube$InternalReadPublisher$InternalReadSubscription.read(SocketTube.java:841)
	at java.net.http/jdk.internal.net.http.SocketTube$SocketFlowTask.run(SocketTube.java:181)
	at java.net.http/jdk.internal.net.http.common.SequentialScheduler$SchedulableTask.run(SequentialScheduler.java:207)
	at java.net.http/jdk.internal.net.http.common.SequentialScheduler.runOrSchedule(SequentialScheduler.java:280)
	at java.net.http/jdk.internal.net.http.common.SequentialScheduler.runOrSchedule(SequentialScheduler.java:233)
	at java.net.http/jdk.internal.net.http.SocketTube$InternalReadPublisher$InternalReadSubscription.signalReadable(SocketTube.java:782)
	at java.net.http/jdk.internal.net.http.SocketTube$InternalReadPublisher$ReadEvent.signalEvent(SocketTube.java:965)
	at java.net.http/jdk.internal.net.http.SocketTube$SocketFlowEvent.handle(SocketTube.java:253)
	at java.net.http/jdk.internal.net.http.HttpClientImpl$SelectorManager.handleEvent(HttpClientImpl.java:1469)
	at java.net.http/jdk.internal.net.http.HttpClientImpl$SelectorManager.lambda$run$3(HttpClientImpl.java:1414)
	at java.base/java.util.ArrayList.forEach(ArrayList.java:1596)
	at java.net.http/jdk.internal.net.http.HttpClientImpl$SelectorManager.run(HttpClientImpl.java:1414)

Jul 10, 2025 4:49:41 AM org.openqa.selenium.devtools.CdpVersionFinder findNearestMatch
WARNING: Unable to find an exact match for CDP version 138, returning the closest version; found: 137; Please update to a Selenium version that supports CDP version 138
]]></system-err>
  </testcase>
</testsuite>